<?xml version="1.0" encoding="UTF-8"?>
<testng-results ignored="0" total="1" passed="1" failed="0" skipped="0">
  <reporter-output>
  </reporter-output>
  <suite started-at="2021-03-24T16:16:32Z" name="Default suite" finished-at="2021-03-24T16:16:49Z" duration-ms="16348">
    <groups>
    </groups>
    <test started-at="2021-03-24T16:16:32Z" name="Default test" finished-at="2021-03-24T16:16:49Z" duration-ms="16348">
      <class name="com.testautomation.Testrunner.TestRunner">
        <test-method is-config="true" signature="setUpClass()[pri:0, instance:com.testautomation.Testrunner.TestRunner@78b1cc93]" started-at="2021-03-24T16:16:32Z" name="setUpClass" finished-at="2021-03-24T16:16:32Z" duration-ms="132" status="PASS">
          <reporter-output>
          </reporter-output>
        </test-method> <!-- setUpClass -->
        <test-method signature="feature(cucumber.api.testng.CucumberFeatureWrapper)[pri:0, instance:com.testautomation.Testrunner.TestRunner@78b1cc93]" started-at="2021-03-24T16:16:33Z" name="feature" data-provider="features" finished-at="2021-03-24T16:16:49Z" duration-ms="16155" status="PASS">
          <params>
            <param index="0">
              <value>
                <![CDATA[Youtube channel name validation]]>
              </value>
            </param>
          </params>
          <reporter-output>
          </reporter-output>
        </test-method> <!-- feature -->
        <test-method is-config="true" signature="tearDownClass()[pri:0, instance:com.testautomation.Testrunner.TestRunner@78b1cc93]" started-at="2021-03-24T16:16:49Z" name="tearDownClass" finished-at="2021-03-24T16:16:49Z" duration-ms="7" status="PASS">
          <reporter-output>
          </reporter-output>
        </test-method> <!-- tearDownClass -->
      </class> <!-- com.testautomation.Testrunner.TestRunner -->
    </test> <!-- Default test -->
  </suite> <!-- Default suite -->
</testng-results>
